1615443136826	geckodriver	INFO	Listening on 127.0.0.1:33055
1615443136831	mozrunner::runner	INFO	Running command: "/usr/local/bin/firefox" "--marionette" "-foreground" "-no-remote" "-profile" "/tmp/rust_mozprofilePQ2I5A"
console.warn: SearchSettings: "get: No settings file exists, new profile?" (new Error("", "(unknown module)"))
1615443139039	Marionette	INFO	Listening on port 46525
1615443139152	Marionette	WARN	TLS certificate errors will be ignored for this session
1615443150602	Marionette	INFO	Stopped listening on port 46525
1615443236974	geckodriver	INFO	Listening on 127.0.0.1:51121
1615443236980	mozrunner::runner	INFO	Running command: "/usr/local/bin/firefox" "--marionette" "-foreground" "-no-remote" "-profile" "/tmp/rust_mozprofileAvcSs0"
console.warn: SearchSettings: "get: No settings file exists, new profile?" (new Error("", "(unknown module)"))
1615443238781	Marionette	INFO	Listening on port 44677
1615443238813	Marionette	WARN	TLS certificate errors will be ignored for this session
1615443248438	Marionette	WARN	TimedPromise timed out after 500 ms: stacktrace:
TimedPromise/<@chrome://marionette/content/sync.js:231:19
TimedPromise@chrome://marionette/content/sync.js:216:10
interaction.flushEventLoop@chrome://marionette/content/interaction.js:433:10
webdriverClickElement@chrome://marionette/content/interaction.js:179:31
1615443256519	Marionette	INFO	Stopped listening on port 44677
1615443340365	geckodriver	INFO	Listening on 127.0.0.1:33765
1615443340370	mozrunner::runner	INFO	Running command: "/usr/local/bin/firefox" "--marionette" "-foreground" "-no-remote" "-profile" "/tmp/rust_mozprofileC1gJZX"
console.warn: SearchSettings: "get: No settings file exists, new profile?" (new Error("", "(unknown module)"))
1615443342000	Marionette	INFO	Listening on port 40065
1615443342115	Marionette	WARN	TLS certificate errors will be ignored for this session
1615443348295	Marionette	WARN	TimedPromise timed out after 500 ms: stacktrace:
TimedPromise/<@chrome://marionette/content/sync.js:231:19
TimedPromise@chrome://marionette/content/sync.js:216:10
interaction.flushEventLoop@chrome://marionette/content/interaction.js:433:10
webdriverClickElement@chrome://marionette/content/interaction.js:179:31
JavaScript error: resource://gre/actors/PictureInPictureChild.jsm, line 569: TypeError: this.contentWindow is null
JavaScript error: resource://gre/actors/PictureInPictureChild.jsm, line 225: InvalidStateError: JSWindowActorChild.document getter: Cannot access property 'document' after actor 'PictureInPictureToggle' has been destroyed
console.warn: LoginRecipes: "getRecipes: falling back to a synchronous message for:" "https://www.google.com"
JavaScript error: resource://gre/actors/PictureInPictureChild.jsm, line 299: InvalidStateError: JSWindowActorChild.contentWindow getter: Cannot access property 'contentWindow' after actor 'PictureInPictureToggle' has been destroyed
JavaScript error: resource://gre/actors/PictureInPictureChild.jsm, line 299: InvalidStateError: JSWindowActorChild.contentWindow getter: Cannot access property 'contentWindow' after actor 'PictureInPictureToggle' has been destroyed
JavaScript error: resource://gre/actors/PictureInPictureChild.jsm, line 299: InvalidStateError: JSWindowActorChild.contentWindow getter: Cannot access property 'contentWindow' after actor 'PictureInPictureToggle' has been destroyed
JavaScript error: resource://gre/actors/PictureInPictureChild.jsm, line 299: InvalidStateError: JSWindowActorChild.contentWindow getter: Cannot access property 'contentWindow' after actor 'PictureInPictureToggle' has been destroyed
JavaScript error: resource://gre/actors/PictureInPictureChild.jsm, line 299: InvalidStateError: JSWindowActorChild.contentWindow getter: Cannot access property 'contentWindow' after actor 'PictureInPictureToggle' has been destroyed
console.warn: LoginRecipes: "getRecipes: falling back to a synchronous message for:" "https://www.google.com"
JavaScript error: resource://gre/actors/PictureInPictureChild.jsm, line 299: InvalidStateError: JSWindowActorChild.contentWindow getter: Cannot access property 'contentWindow' after actor 'PictureInPictureToggle' has been destroyed
JavaScript error: resource://gre/actors/PictureInPictureChild.jsm, line 299: InvalidStateError: JSWindowActorChild.contentWindow getter: Cannot access property 'contentWindow' after actor 'PictureInPictureToggle' has been destroyed
1615443674795	Marionette	INFO	Stopped listening on port 40065
1615443843076	geckodriver	INFO	Listening on 127.0.0.1:52425
1615443843081	mozrunner::runner	INFO	Running command: "/usr/local/bin/firefox" "--marionette" "-foreground" "-no-remote" "-profile" "/tmp/rust_mozprofileNndybv"
console.warn: SearchSettings: "get: No settings file exists, new profile?" (new Error("", "(unknown module)"))
1615443845297	Marionette	INFO	Listening on port 39545
1615443845422	Marionette	WARN	TLS certificate errors will be ignored for this session
1615443855055	Marionette	INFO	Stopped listening on port 39545
1615577999501	geckodriver	INFO	Listening on 127.0.0.1:52135
1615577999507	mozrunner::runner	INFO	Running command: "/usr/local/bin/firefox" "--marionette" "-foreground" "-no-remote" "-profile" "/tmp/rust_mozprofilecuSqMr"
console.warn: SearchSettings: "get: No settings file exists, new profile?" (new Error("", "(unknown module)"))
1615578001169	Marionette	INFO	Listening on port 35029
1615578001226	Marionette	WARN	TLS certificate errors will be ignored for this session
1615578006517	Marionette	INFO	Stopped listening on port 35029
